C51 COMPILER V9.01   MAIN                                                                  12/06/2012 10:29:32 PAGE 1   


C51 COMPILER V9.01, COMPILATION OF MODULE MAIN
OBJECT MODULE PLACED IN MAIN.OBJ
COMPILER INVOKED BY: C:\Keil\C51\BIN\C51.EXE MAIN.C ROM(COMPACT) OPTIMIZE(6,SPEED) BROWSE DEBUG OBJECTEXTEND

line level    source

   1          #include "typedef.h"
   2          #include "gpio.h"
   3          #include "uart.h"
   4          #include "nrf_24l01.h"
   5          #include "delay.h"
   6          
   7          /******************************************************************************/
   8          // 函数名称：main 
   9          // 输入参数： 
  10          // 输出参数： 
  11          // 函数功能： 
  12          /******************************************************************************/
  13          void main(void)
  14          {
  15   1        unsigned char i=0;
  16   1      
  17   1        unsigned int count_send=0;
  18   1        unsigned int rec_new=0;
  19   1        unsigned int rec_old=0;
  20   1        unsigned int rec_err=0;
  21   1        unsigned int lock_key=0;
  22   1        uartInit();
  23   1      
  24   1        Delay100ms();
  25   1        init_nrf24l01_io();
  26   1        led=0;
  27   1        Delay100ms();
  28   1        led=1;
  29   1        Delay100ms();
  30   1        led=0;
  31   1        Delay100ms();
  32   1        led=1;
  33   1        Delay100ms();
  34   1        TI=1;
  35   1        Delay100ms();
  36   1        uartSendString("READY!\r\n");
  37   1        ifnnrf_rx_mode();
  38   1      
  39   1        while(1)
  40   1        {
  41   2      
  42   2          KEY=1;
  43   2          KEY2 = 1;
  44   2          while(KEY == 0 || KEY2 == 0){
  45   3              IRQ=1;
  46   3              SPI_RW_Reg(WRITE_REG+STATUS,0xff);
  47   3              if (KEY == 0) {
  48   4                  tx_buf[0]=0xAA;
  49   4              } else if (KEY2 == 0) {
  50   4                  tx_buf[0]=0x55;
  51   4              }
  52   3              ifnnrf_tx_mode();
  53   3              while(IRQ);
  54   3              sta=SPI_Read(STATUS);
  55   3              SPI_RW_Reg(WRITE_REG+STATUS,0xff);
C51 COMPILER V9.01   MAIN                                                                  12/06/2012 10:29:32 PAGE 2   

  56   3              if(sta&STA_MARK_TX){
  57   4                  if (KEY == 0){
  58   5                              led=0;
  59   5                              Delay100ms();
  60   5                              led=1;
  61   5                      Delay100ms();
  62   5                  } else {
  63   5                              led2=0;
  64   5                              Delay100ms();
  65   5                              led2=1;
  66   5                      Delay100ms();
  67   5                  }
  68   4                 } else {
  69   4                  ifnnrf_CLERN_ALL();
  70   4                 }
  71   3                 lock_key=1;
  72   3      
  73   3          }   //发送
  74   2          if(lock_key) {
  75   3              lock_key=0;
  76   3              ifnnrf_rx_mode();
  77   3              IRQ=1;
  78   3              while(IRQ==0);
  79   3              _delay_us(400);
  80   3          }
  81   2          IRQ=1;
  82   2          if(IRQ==0) {        
  83   3              sta=SPI_Read(STATUS);
  84   3              SPI_RW_Reg(WRITE_REG+STATUS,0xff);
  85   3              
  86   3              if(sta&STA_MARK_RX) { 
  87   4                  SPI_Read_Buf(RD_RX_PLOAD,rx_buf,TX_PLOAD_WIDTH);
  88   4                  if (rx_buf[0] == 0xAA) {
  89   5                      uartSendString("你按下了左边按键\r\n");
  90   5                      led=0;
  91   5                      Delay100ms();
  92   5                      led=1;
  93   5                      Delay100ms();
  94   5                  } else if (rx_buf[0] == 0x55)  {
  95   5                      uartSendString("你按下了右边按键\r\n");
  96   5                              led2=0;
  97   5                              Delay100ms();
  98   5                              led2=1;
  99   5                      Delay100ms();
 100   5                  }
 101   4                  rx_buf[0] = 0;
 102   4              } else {
 103   4                  ifnnrf_CLERN_ALL();
 104   4                  ifnnrf_rx_mode();
 105   4                  IRQ=1;
 106   4                  while(IRQ==0);
 107   4              }
 108   3          } //接收
 109   2                
 110   2        }
 111   1      }


MODULE INFORMATION:   STATIC OVERLAYABLE
   CODE SIZE        =    309    ----
   CONSTANT SIZE    =     47    ----
   XDATA SIZE       =   ----    ----
C51 COMPILER V9.01   MAIN                                                                  12/06/2012 10:29:32 PAGE 3   

   PDATA SIZE       =   ----    ----
   DATA SIZE        =   ----      11
   IDATA SIZE       =   ----    ----
   BIT SIZE         =   ----    ----
END OF MODULE INFORMATION.


C51 COMPILATION COMPLETE.  0 WARNING(S),  0 ERROR(S)
