C51 COMPILER V8.02   MAIN                                                                  11/13/2012 14:53:50 PAGE 1   


C51 COMPILER V8.02, COMPILATION OF MODULE MAIN
OBJECT MODULE PLACED IN MAIN.OBJ
COMPILER INVOKED BY: C:\Keil\C51\BIN\C51.EXE MAIN.C ROM(COMPACT) OPTIMIZE(6,SPEED) BROWSE DEBUG OBJECTEXTEND

line level    source

   1          /******************************************************************************/
   2          /*                        -- 深圳安信可科技有限公司 --                        */
   3          /*
   4          //  文件名：main.c                                                              
   5          //  说明：供客户测试模块通信使用程序                                                                  
   6          //  编写人员：                                                                   
   7          //  编写日期：                                                              
   8          //  程序维护：
   9          //  维护记录：
  10          //
  11          //                                                          
  12          */ 
  13          // 免责声明：该程序仅用于学习与交流 
  14          // (c) Anxinke Corporation. All rights reserved.                                                          
             -     
  15          /******************************************************************************/
  16          #include "typedef.h"
  17          #include "gpio.h"
  18          #include "uart.h"
  19          #include "nrf_24l01.h"
  20          #include "delay.h"
  21          
  22          /******************************************************************************/
  23          // 函数名称：main 
  24          // 输入参数： 
  25          // 输出参数： 
  26          // 函数功能： 
  27          /******************************************************************************/
  28          void main(void)
  29          {
  30   1        unsigned char i=0;
  31   1      
  32   1        unsigned int count_send=0;
  33   1        unsigned int rec_new=0;
  34   1        unsigned int rec_old=0;
  35   1        unsigned int rec_err=0;
  36   1        unsigned int lock_key=0;
  37   1        uartInit();
  38   1      
  39   1        Delay100ms();
  40   1        init_nrf24l01_io();
  41   1        led=0;
  42   1        Delay100ms();
  43   1        led=1;
  44   1        Delay100ms();
  45   1        led=0;
  46   1        Delay100ms();
  47   1        led=1;
  48   1        Delay100ms();
  49   1        TI=1;
  50   1        Delay100ms();
  51   1        uartSendString("READY!\r\n");
  52   1        ifnnrf_rx_mode();
  53   1      
  54   1        while(1)
C51 COMPILER V8.02   MAIN                                                                  11/13/2012 14:53:50 PAGE 2   

  55   1        {
  56   2      
  57   2          KEY=1;
  58   2          KEY2 = 1;
  59   2          while(KEY == 0 || KEY2 == 0){
  60   3              IRQ=1;
  61   3              SPI_RW_Reg(WRITE_REG+STATUS,0xff);
  62   3              if (KEY == 0) {
  63   4                  tx_buf[0]=0xAA;
  64   4              } else if (KEY2 == 0) {
  65   4                  tx_buf[0]=0x55;
  66   4              }
  67   3              ifnnrf_tx_mode();
  68   3              while(IRQ);
  69   3              sta=SPI_Read(STATUS);
  70   3              SPI_RW_Reg(WRITE_REG+STATUS,0xff);
  71   3              if(sta&STA_MARK_TX){
  72   4                  if (KEY == 0){
  73   5                              led=0;
  74   5                              Delay100ms();
  75   5                              led=1;
  76   5                      Delay100ms();
  77   5                  } else {
  78   5                              led2=0;
  79   5                              Delay100ms();
  80   5                              led2=1;
  81   5                      Delay100ms();
  82   5                  }
  83   4                 } else {
  84   4                  ifnnrf_CLERN_ALL();
  85   4                 }
  86   3                 lock_key=1;
  87   3      
  88   3          }   //发送
  89   2          if(lock_key) {
  90   3              lock_key=0;
  91   3              ifnnrf_rx_mode();
  92   3              IRQ=1;
  93   3              while(IRQ==0);
  94   3              _delay_us(400);
  95   3          }
  96   2          IRQ=1;
  97   2          if(IRQ==0) {        
  98   3              sta=SPI_Read(STATUS);
  99   3              SPI_RW_Reg(WRITE_REG+STATUS,0xff);
 100   3              
 101   3              if(sta&STA_MARK_RX) { 
 102   4                  SPI_Read_Buf(RD_RX_PLOAD,rx_buf,TX_PLOAD_WIDTH);
 103   4                  if (rx_buf[0] == 0xAA) {
 104   5                      uartSendString("你按下了左边按键\r\n");
 105   5                      led=0;
 106   5                      Delay100ms();
 107   5                      led=1;
 108   5                      Delay100ms();
 109   5                  } else if (rx_buf[0] == 0x55)  {
 110   5                      uartSendString("你按下了右边按键\r\n");
 111   5                              led2=0;
 112   5                              Delay100ms();
 113   5                              led2=1;
 114   5                      Delay100ms();
 115   5                  }
 116   4                  rx_buf[0] = 0;
C51 COMPILER V8.02   MAIN                                                                  11/13/2012 14:53:50 PAGE 3   

 117   4              } else {
 118   4                  ifnnrf_CLERN_ALL();
 119   4                  ifnnrf_rx_mode();
 120   4                  IRQ=1;
 121   4                  while(IRQ==0);
 122   4              }
 123   3          } //接收
 124   2                
 125   2        }
 126   1      }


MODULE INFORMATION:   STATIC OVERLAYABLE
   CODE SIZE        =    307    ----
   CONSTANT SIZE    =     47    ----
   XDATA SIZE       =   ----    ----
   PDATA SIZE       =   ----    ----
   DATA SIZE        =   ----      11
   IDATA SIZE       =   ----    ----
   BIT SIZE         =   ----    ----
END OF MODULE INFORMATION.


C51 COMPILATION COMPLETE.  0 WARNING(S),  0 ERROR(S)
