                        .module jfp_jieshou.c
                        .area text(rom, con, rel)
 0000                   .dbfile C:\DOCUME~1\Administrator\桌面\JASK2001软件开发包\M16-NRF905开发包\无线232传输系统\NRF905_接收(9600波特率)\jfp_jieshou.c
                        .area data(ram, con, rel)
 0000                   .dbfile C:\DOCUME~1\Administrator\桌面\JASK2001软件开发包\M16-NRF905开发包\无线232传输系统\NRF905_接收(9600波特率)\jfp_jieshou.c
 0000           _TxAddress::
 0000                   .blkb 2
                        .area idata
 0000 CCCC              .byte 204,204
                        .area data(ram, con, rel)
 0002                   .dbfile C:\DOCUME~1\Administrator\桌面\JASK2001软件开发包\M16-NRF905开发包\无线232传输系统\NRF905_接收(9600波特率)\jfp_jieshou.c
 0002                   .blkb 2
                        .area idata
 0002 CCCC              .byte 204,204
                        .area data(ram, con, rel)
 0004                   .dbfile C:\DOCUME~1\Administrator\桌面\JASK2001软件开发包\M16-NRF905开发包\无线232传输系统\NRF905_接收(9600波特率)\jfp_jieshou.c
 0004                   .dbsym e TxAddress _TxAddress A[4:4]c
 0004           _RFConf::
 0004                   .blkb 2
                        .area idata
 0004 004C              .byte 0,'L
                        .area data(ram, con, rel)
 0006                   .dbfile C:\DOCUME~1\Administrator\桌面\JASK2001软件开发包\M16-NRF905开发包\无线232传输系统\NRF905_接收(9600波特率)\jfp_jieshou.c
 0006                   .blkb 2
                        .area idata
 0006 0C44              .byte 12,'D
                        .area data(ram, con, rel)
 0008                   .dbfile C:\DOCUME~1\Administrator\桌面\JASK2001软件开发包\M16-NRF905开发包\无线232传输系统\NRF905_接收(9600波特率)\jfp_jieshou.c
 0008                   .blkb 2
                        .area idata
 0008 2020              .byte 32,32
                        .area data(ram, con, rel)
 000A                   .dbfile C:\DOCUME~1\Administrator\桌面\JASK2001软件开发包\M16-NRF905开发包\无线232传输系统\NRF905_接收(9600波特率)\jfp_jieshou.c
 000A                   .blkb 2
                        .area idata
 000A CCCC              .byte 204,204
                        .area data(ram, con, rel)
 000C                   .dbfile C:\DOCUME~1\Administrator\桌面\JASK2001软件开发包\M16-NRF905开发包\无线232传输系统\NRF905_接收(9600波特率)\jfp_jieshou.c
 000C                   .blkb 2
                        .area idata
 000C CCCC              .byte 204,204
                        .area data(ram, con, rel)
 000E                   .dbfile C:\DOCUME~1\Administrator\桌面\JASK2001软件开发包\M16-NRF905开发包\无线232传输系统\NRF905_接收(9600波特率)\jfp_jieshou.c
 000E                   .blkb 1
                        .area idata
 000E 58                .byte 'X
                        .area data(ram, con, rel)
 000F                   .dbfile C:\DOCUME~1\Administrator\桌面\JASK2001软件开发包\M16-NRF905开发包\无线232传输系统\NRF905_接收(9600波特率)\jfp_jieshou.c
 000F                   .dbsym e RFConf _RFConf A[11:11]c
                        .area text(rom, con, rel)
 0000                   .dbfile C:\DOCUME~1\Administrator\桌面\JASK2001软件开发包\M16-NRF905开发包\无线232传输系统\NRF905_接收(9600波特率)\jfp_jieshou.c
 0000                   .dbfunc e Delay _Delay fV
 0000           ;              i -> R20,R21
 0000           ;              x -> R16,R17
                        .even
 0000           _Delay::
 0000 0E940000          xcall push_gset1
 0004                   .dbline -1
 0004                   .dbline 86
 0004           ; //ICC-AVR application builder : 2007-8-11 20:37:32
 0004           ; // Target : M16
 0004           ; // Crystal: 8.0000Mhz
 0004           ; #include <iom16v.h>
 0004           ; #include <macros.h>
 0004           ; #define uint  unsigned int
 0004           ; #define uchar unsigned char
 0004           ; //---------------------------------模式控制定义---------------------------------
 0004           ; //#define  nrf905_TX_EN         PB0       //输出1
 0004           ; #define   Hign_nrf905_TX_EN    PORTB |= (1 << PB0);   
 0004           ; #define   Low_nrf905_TX_EN     PORTB &= ~(1 << PB0); 
 0004           ; //#define  nrf905_TRX_CE  PD4             //输出1
 0004           ; #define   Hign_nrf905_TRX_CE    PORTD |= (1 << PD4);   
 0004           ; #define   Low_nrf905_TRX_CE     PORTD &= ~(1 << PD4); 
 0004           ; //#define  nrf905_PWR     PB1             //输出1
 0004           ; #define   Hign_nrf905_PWR    PORTB |= (1 << PB1);   
 0004           ; #define   Low_nrf905_PWR     PORTB &= ~(1 << PB1); 
 0004           ; //--------------------------------NRF905-SPI口接口定义--------------------------
 0004           ; //#define  nrf905_MISO          PB6           //输入0
 0004           ; //#define  nrf905_MOSI    PB5     //输出1
 0004           ; //#define  nrf905_SCK     PB7     //输出1
 0004           ; #define   Low_nrf905_SCK     PORTB &= ~(1 << PB7); 
 0004           ; //#define  nrf905_CSN     PB4         //输出1         
 0004           ; #define   Hign_nrf905_CSN    PORTB |= (1 << PB4);   
 0004           ; #define   Low_nrf905_CSN     PORTB &= ~(1 << PB4);                                            
 0004           ; //-------------------------------状态输出口-------------------------------------
 0004           ; //#define  nrf905_CD      PD3     //输入0
 0004           ; #define   Hign_nrf905_CD    PORTD |= (1 << PD3);   
 0004           ; #define   Low_nrf905_CD     PORTD &= ~(1 << PD3); 
 0004           ; #define   Read_nrf905_CD    PINB & (1 << PD4);
 0004           ; //#define  nrf905_AM      PB3     //输入0
 0004           ; #define   Hign_nrf905_AM    PORTB |= (1 << PB3);   
 0004           ; #define   Low_nrf905_AM     PORTB &= ~(1 << PB3); 
 0004           ; #define   Read_nrf905_AM    PINB & (1 << PB3);
 0004           ; //#define  nrf905_DR      PB2                 //输入0
 0004           ; #define   Hign_nrf905_DR     PORTB |= (1 << PB2);   
 0004           ; #define   Low_nrf905_DR     PORTB &= ~(1 << PB2); 
 0004           ; #define   Read_nrf905_DR    PINB & (1 << PB2);   
 0004           ; //-------------------------------BELL蜂明器-------------------------------------
 0004           ; #define   Hign_BELL  PORTD |= (1 << PD5);   
 0004           ; #define   Low_BELL     PORTD &= ~(1 << PD5); 
 0004           ; //-------------------------------JDQ继电器--------------------------------------
 0004           ; #define   Hign_JDQ  PORTD |= (1 << PD7)
 0004           ; #define   Low_JDQ     PORTD &= ~(1 << PD7) 
 0004           ; //----------------------------------NRF905-SPI指令------------------------------
 0004           ; #define WC    0x00
 0004           ; #define RRC   0x10
 0004           ; #define WTP   0x20
 0004           ; #define RTP   0x21
 0004           ; #define WTA   0x22
 0004           ; #define RTA   0x23
 0004           ; #define RRP   0x24
 0004           ; //---------------------------------发送数据-------------------------------------
 0004           ; uchar TxRxBuffer[32];
 0004           ; //----------------------------------接收地址------------------------------------
 0004           ; uchar TxAddress[4]={0xcc,0xcc,0xcc,0xcc };    
 0004           ; //----------------------------------寄存器配置----------------------------------
 0004           ; uchar RFConf[11]=
 0004           ; {
 0004           ;   0x00,                            //配置命令//
 0004           ;   0x4c,                           //CH_NO,配置频段在430MHZ
 0004           ;   0x0C,                          //输出功率为10db,不重发，节电为正常模式
 0004           ;   0x44,                         //地址宽度设置，为4字节
 0004           ;   0x20,0x20,                   //接收发送有效数据长度为32字节
 0004           ;   0xCC,0xCC,0xCC,0xCC,        //接收地址
 0004           ;   0x58,                      //CRC充许，8位CRC校验，外部时钟信号不使能，16M晶振
 0004           ; };
 0004           ; //----------------------------------函数申明------------------------------------
 0004           ; void Delay(uint x);                                                  //延时子程序                                                                                                                                                                                     
 0004           ; void Spi_initial();                            //SPI初始化
 0004           ; uchar SpiReadSpiWrite(unsigned char cData);    //SPI读写子程序
 0004           ; void system_Init(void);                                                  //系统初始化
 0004           ; void Config905(void);                                            //NRF905初始化子程序
 0004           ; void TxPacket(void);                                          
 0004           ; void SetTxMode(void);                                            //数据发送
 0004           ; void SetRxMode(void);                                            //
 0004           ; void TX(void);
 0004           ; unsigned char CheckDR(void);
 0004           ; void RxPacket(void);
 0004           ; void  RX(void);
 0004           ; //------------------------------------------------------------------------------
 0004           ; void StartUART(void);
 0004           ; void R_S_Byte(uchar R_Byte);
 0004           ; //----------------------------------100us延时子程序-----------------------------
 0004           ; void Delay(uint x)
 0004           ; {
 0004 09C0              xjmp L3
 0006           L2:
 0006                   .dbline 89
 0006 4427              clr R20
 0008 5527              clr R21
 000A 02C0              xjmp L8
 000C           L5:
 000C                   .dbline 89
 000C           L6:
 000C                   .dbline 89
 000C 4F5F              subi R20,255  ; offset = 1
 000E 5F4F              sbci R21,255
 0010           L8:
 0010                   .dbline 89
 0010 4035              cpi R20,80
 0012 E0E0              ldi R30,0
 0014 5E07              cpc R21,R30
 0016 D0F3              brlo L5
 0018           L3:
 0018                   .dbline 88
 0018           ;       uint i;
 0018           ;       while(x--)
 0018 1801              movw R2,R16
 001A 0150              subi R16,1
 001C 1040              sbci R17,0
 001E 2220              tst R2
 0020 91F7              brne L2
 0022 3320              tst R3
 0024 81F7              brne L2
 0026           X0:
 0026                   .dbline -2
 0026           L1:
 0026 0E940000          xcall pop_gset1
 002A                   .dbline 0 ; func end
 002A 0895              ret
 002C                   .dbsym r i 20 i
 002C                   .dbsym r x 16 i
 002C                   .dbend
 002C                   .dbfunc e Spi_initial _Spi_initial fV
                        .even
 002C           _Spi_initial::
 002C                   .dbline -1
 002C                   .dbline 93
 002C           ;       for(i=0;i<80;i++);
 002C           ; }
 002C           ; //----------------------------------SPI初始化-----------------------------------
 002C           ; void Spi_initial()
 002C           ; {
 002C                   .dbline 94
 002C           ;       SPCR   = (1<<SPE)|(1<<MSTR)|(0<<CPOL)|(0<<SPR0);// 主机模式，fck/16, SPI方式0
 002C 80E5              ldi R24,80
 002E 8DB9              out 0xd,R24
 0030                   .dbline -2
 0030           L9:
 0030                   .dbline 0 ; func end
 0030 0895              ret
 0032                   .dbend
 0032                   .dbfunc e SpiReadSpiWrite _SpiReadSpiWrite fc
 0032           ;          cData -> R16
                        .even
 0032           _SpiReadSpiWrite::
 0032                   .dbline -1
 0032                   .dbline 98
 0032           ; }
 0032           ; //---------------------------------SPI读写程序----------------------------------      
 0032           ; uchar SpiReadSpiWrite(unsigned char cData)
 0032           ; {
 0032                   .dbline 99
 0032           ;       SPDR = cData;
 0032 0FB9              out 0xf,R16
 0034           L11:
 0034                   .dbline 101
 0034                   .dbline 101
 0034           L12:
 0034                   .dbline 100
 0034           ;       while(!(SPSR & (1<<SPIF) ))  // 等待SPI发送完毕
 0034 779B              sbis 0xe,7
 0036 FECF              rjmp L11
 0038                   .dbline 101
 0038           ;       {};                     
 0038                   .dbline 102
 0038           ;       return SPDR;
 0038 0FB1              in R16,0xf
 003A                   .dbline -2
 003A           L10:
 003A                   .dbline 0 ; func end
 003A 0895              ret
 003C                   .dbsym r cData 16 c
 003C                   .dbend
 003C                   .dbfunc e system_Init _system_Init fV
                        .even
 003C           _system_Init::
 003C                   .dbline -1
 003C                   .dbline 106
 003C           ; }
 003C           ; //--------------------------------系统状态初始化--------------------------------
 003C           ; void system_Init(void)                        
 003C           ; {
 003C                   .dbline 108
 003C           ; 
 003C           ;       Hign_nrf905_CSN;                        // SPI使能
 003C C49A              sbi 0x18,4
 003E                   .dbline 108
 003E                   .dbline 109
 003E           ;       Low_nrf905_SCK;                         
 003E C798              cbi 0x18,7
 0040                   .dbline 109
 0040                   .dbline 110
 0040           ;       Low_nrf905_DR;                          // DR=0
 0040 C298              cbi 0x18,2
 0042                   .dbline 110
 0042                   .dbline 111
 0042           ;       Low_nrf905_AM;                          // AM=0
 0042 C398              cbi 0x18,3
 0044                   .dbline 111
 0044                   .dbline 112
 0044           ;       Low_nrf905_CD;                          // CD=0
 0044 9398              cbi 0x12,3
 0046                   .dbline 112
 0046                   .dbline 113
 0046           ;       Hign_nrf905_PWR;                    // PWR=1
 0046 C19A              sbi 0x18,1
 0048                   .dbline 113
 0048                   .dbline 114
 0048           ;       Low_nrf905_TRX_CE;                      // nrf905_TRX_CE=0
 0048 9498              cbi 0x12,4
 004A                   .dbline 114
 004A                   .dbline 115
 004A           ;       Low_nrf905_TX_EN ;                      // nrf905_TX_EN=0
 004A C098              cbi 0x18,0
 004C                   .dbline 115
 004C                   .dbline -2
 004C           L14:
 004C                   .dbline 0 ; func end
 004C 0895              ret
 004E                   .dbend
 004E                   .dbfunc e Config905 _Config905 fV
 004E           ;              i -> R20
                        .even
 004E           _Config905::
 004E 0E940000          xcall push_gset1
 0052                   .dbline -1
 0052                   .dbline 119
 0052           ; }
 0052           ; //--------------------------------NRF905寄存器初始化函数------------------------
 0052           ; void Config905(void)
 0052           ; {
 0052                   .dbline 121
 0052           ;       uchar i;
 0052           ;       Low_nrf905_CSN;                         //SPI使能                                                                                       
 0052 C498              cbi 0x18,4
 0054                   .dbline 121
 0054                   .dbline 122
 0054           ;       Delay(1);                                  
 0054 01E0              ldi R16,1
 0056 10E0              ldi R17,0
 0058 D3DF              xcall _Delay
 005A                   .dbline 123
 005A           ;       for (i=0;i<11;i++)                      //NRF905配置字
 005A 4427              clr R20
 005C 09C0              xjmp L19
 005E           L16:
 005E                   .dbline 124
 005E                   .dbline 125
 005E 80E0              ldi R24,<_RFConf
 0060 90E0              ldi R25,>_RFConf
 0062 E42F              mov R30,R20
 0064 FF27              clr R31
 0066 E80F              add R30,R24
 0068 F91F              adc R31,R25
 006A 0081              ldd R16,z+0
 006C E2DF              xcall _SpiReadSpiWrite
 006E                   .dbline 126
 006E           L17:
 006E                   .dbline 123
 006E 4395              inc R20
 0070           L19:
 0070                   .dbline 123
 0070 4B30              cpi R20,11
 0072 A8F3              brlo L16
 0074                   .dbline 127
 0074           ;       {
 0074           ;        SpiReadSpiWrite(RFConf[i]);
 0074           ;       }
 0074           ;       Hign_nrf905_CSN;                                        // Disable Spi
 0074 C49A              sbi 0x18,4
 0076                   .dbline 127
 0076                   .dbline -2
 0076           L15:
 0076 0E940000          xcall pop_gset1
 007A                   .dbline 0 ; func end
 007A 0895              ret
 007C                   .dbsym r i 20 c
 007C                   .dbend
 007C                   .dbfunc e TxPacket _TxPacket fV
 007C           ;              i -> R20
                        .even
 007C           _TxPacket::
 007C 0E940000          xcall push_gset1
 0080                   .dbline -1
 0080                   .dbline 131
 0080           ; }
 0080           ; //--------------------------------NRF905待发数据打包----------------------------
 0080           ; void TxPacket(void)
 0080           ; {
 0080                   .dbline 133
 0080           ;       uchar i;
 0080           ;       Low_nrf905_CSN;                                         // 使能Spi，允许对nrf905进行读写操作
 0080 C498              cbi 0x18,4
 0082                   .dbline 133
 0082                   .dbline 134
 0082           ;       Delay(1);
 0082 01E0              ldi R16,1
 0084 10E0              ldi R17,0
 0086 BCDF              xcall _Delay
 0088                   .dbline 135
 0088           ;       SpiReadSpiWrite(WTP);                           // 写数据前先写写数据命令
 0088 00E2              ldi R16,32
 008A D3DF              xcall _SpiReadSpiWrite
 008C                   .dbline 136
 008C           ;       for (i=0;i<32;i++)
 008C 4427              clr R20
 008E 09C0              xjmp L24
 0090           L21:
 0090                   .dbline 137
 0090                   .dbline 138
 0090 80E0              ldi R24,<_TxRxBuffer
 0092 90E0              ldi R25,>_TxRxBuffer
 0094 E42F              mov R30,R20
 0096 FF27              clr R31
 0098 E80F              add R30,R24
 009A F91F              adc R31,R25
 009C 0081              ldd R16,z+0
 009E C9DF              xcall _SpiReadSpiWrite
 00A0                   .dbline 139
 00A0           L22:
 00A0                   .dbline 136
 00A0 4395              inc R20
 00A2           L24:
 00A2                   .dbline 136
 00A2 4032              cpi R20,32
 00A4 A8F3              brlo L21
 00A6                   .dbline 140
 00A6           ;       {
 00A6           ;       SpiReadSpiWrite(TxRxBuffer[i]);         // 待发送的32字节数据
 00A6           ;       }                                               
 00A6           ;       Hign_nrf905_CSN;
 00A6 C49A              sbi 0x18,4
 00A8                   .dbline 140
 00A8                   .dbline 141
 00A8           ;       Delay(1);                                                       // 关闭Spi，不允许对nrf905进行读写操作
 00A8 01E0              ldi R16,1
 00AA 10E0              ldi R17,0
 00AC A9DF              xcall _Delay
 00AE                   .dbline 142
 00AE           ;       Low_nrf905_CSN;                                         // 使能Spi
 00AE C498              cbi 0x18,4
 00B0                   .dbline 142
 00B0                   .dbline 143
 00B0           ;       SpiReadSpiWrite(WTA);                           // 写地址前首先先写地址命令
 00B0 02E2              ldi R16,34
 00B2 BFDF              xcall _SpiReadSpiWrite
 00B4                   .dbline 144
 00B4           ;       for (i=0;i<4;i++)                                       // 写入4 bytes 接收地址
 00B4 4427              clr R20
 00B6 09C0              xjmp L28
 00B8           L25:
 00B8                   .dbline 145
 00B8                   .dbline 146
 00B8 80E0              ldi R24,<_TxAddress
 00BA 90E0              ldi R25,>_TxAddress
 00BC E42F              mov R30,R20
 00BE FF27              clr R31
 00C0 E80F              add R30,R24
 00C2 F91F              adc R31,R25
 00C4 0081              ldd R16,z+0
 00C6 B5DF              xcall _SpiReadSpiWrite
 00C8                   .dbline 147
 00C8           L26:
 00C8                   .dbline 144
 00C8 4395              inc R20
 00CA           L28:
 00CA                   .dbline 144
 00CA 4430              cpi R20,4
 00CC A8F3              brlo L25
 00CE                   .dbline 148
 00CE           ;       {
 00CE           ;       SpiReadSpiWrite(TxAddress[i]);
 00CE           ;       }
 00CE           ;       Hign_nrf905_CSN;                                        // 关闭Spi
 00CE C49A              sbi 0x18,4
 00D0                   .dbline 148
 00D0                   .dbline 149
 00D0           ;       Hign_nrf905_TRX_CE;                                     // Set TRX_CE high,start Tx data transmission
 00D0 949A              sbi 0x12,4
 00D2                   .dbline 149
 00D2                   .dbline 150
 00D2           ;       Delay(1);                                                       // 等待DR变高
 00D2 01E0              ldi R16,1
 00D4 10E0              ldi R17,0
 00D6 94DF              xcall _Delay
 00D8                   .dbline 151
 00D8           ;       Low_nrf905_TRX_CE;                                      // 设置TRX_CE=0
 00D8 9498              cbi 0x12,4
 00DA                   .dbline 151
 00DA                   .dbline -2
 00DA           L20:
 00DA 0E940000          xcall pop_gset1
 00DE                   .dbline 0 ; func end
 00DE 0895              ret
 00E0                   .dbsym r i 20 c
 00E0                   .dbend
 00E0                   .dbfunc e SetTxMode _SetTxMode fV
                        .even
 00E0           _SetTxMode::
 00E0                   .dbline -1
 00E0                   .dbline 155
 00E0           ; }
 00E0           ; //------------------------------设置发送模式------------------------------------
 00E0           ; void SetTxMode(void)
 00E0           ; {
 00E0                   .dbline 156
 00E0           ;       Low_nrf905_TRX_CE;                              //
 00E0 9498              cbi 0x12,4
 00E2                   .dbline 156
 00E2                   .dbline 157
 00E2           ;       Hign_nrf905_TX_EN;                              //发送使能
 00E2 C09A              sbi 0x18,0
 00E4                   .dbline 157
 00E4                   .dbline 158
 00E4           ;       Delay(2);                               // delay for mode change(>=650us)
 00E4 02E0              ldi R16,2
 00E6 10E0              ldi R17,0
 00E8 8BDF              xcall _Delay
 00EA                   .dbline -2
 00EA           L29:
 00EA                   .dbline 0 ; func end
 00EA 0895              ret
 00EC                   .dbend
 00EC                   .dbfunc e SetRxMode _SetRxMode fV
                        .even
 00EC           _SetRxMode::
 00EC                   .dbline -1
 00EC                   .dbline 162
 00EC           ; }
 00EC           ; //------------------------------设置接收模式激发--------------------------------
 00EC           ; void SetRxMode(void)
 00EC           ; {
 00EC                   .dbline 163
 00EC           ;       Low_nrf905_TX_EN;
 00EC C098              cbi 0x18,0
 00EE                   .dbline 163
 00EE                   .dbline 164
 00EE           ;       Hign_nrf905_TRX_CE;
 00EE 949A              sbi 0x12,4
 00F0                   .dbline 164
 00F0                   .dbline 165
 00F0           ;       Delay(10);                                      // delay for mode change(>=650us)
 00F0 0AE0              ldi R16,10
 00F2 10E0              ldi R17,0
 00F4 85DF              xcall _Delay
 00F6                   .dbline -2
 00F6           L30:
 00F6                   .dbline 0 ; func end
 00F6 0895              ret
 00F8                   .dbend
 00F8                   .dbfunc e TX _TX fV
                        .even
 00F8           _TX::
 00F8                   .dbline -1
 00F8                   .dbline 169
 00F8           ; }
 00F8           ; //------------------------------发送数据----------------------------------------
 00F8           ; void TX(void)
 00F8           ; {
 00F8                   .dbline 170
 00F8           ;      SetTxMode();        // Set nRF905 in Tx mode
 00F8 F3DF              xcall _SetTxMode
 00FA                   .dbline 171
 00FA           ;        TxPacket();                       // Send data by nRF905
 00FA C0DF              xcall _TxPacket
 00FC                   .dbline -2
 00FC           L31:
 00FC                   .dbline 0 ; func end
 00FC 0895              ret
 00FE                   .dbend
 00FE                   .dbfunc e CheckDR _CheckDR fc
                        .even
 00FE           _CheckDR::
 00FE                   .dbline -1
 00FE                   .dbline 175
 00FE           ; }
 00FE           ; //-----------------------------判断是否收到数据---------------------------------
 00FE           ; unsigned char CheckDR(void)           //检查是否有新数据传入 
 00FE           ; {
 00FE                   .dbline 176
 00FE           ;       if (PINB & (1 << PB2))
 00FE B29B              sbis 0x16,2
 0100 02C0              rjmp L33
 0102                   .dbline 177
 0102           ;       {
 0102                   .dbline 178
 0102           ;               return 1;                               //收到数据
 0102 01E0              ldi R16,1
 0104 01C0              xjmp L32
 0106           L33:
 0106                   .dbline 181
 0106           ;       }
 0106           ;       else
 0106           ;       {
 0106                   .dbline 182
 0106           ;               return 0;
 0106 0027              clr R16
 0108                   .dbline -2
 0108           L32:
 0108                   .dbline 0 ; func end
 0108 0895              ret
 010A                   .dbend
 010A                   .dbfunc e RxPacket _RxPacket fV
 010A           ;              i -> R20
                        .even
 010A           _RxPacket::
 010A 0E940000          xcall push_gset1
 010E                   .dbline -1
 010E                   .dbline 187
 010E           ;       }
 010E           ; }
 010E           ; //-----------------------------------读接收数据包-------------------------------
 010E           ; void RxPacket(void)                                                   //读数据
 010E           ; {
 010E                   .dbline 189
 010E           ;       uchar i;
 010E           ;     Low_nrf905_TRX_CE;
 010E 9498              cbi 0x12,4
 0110                   .dbline 189
 0110                   .dbline 190
 0110           ;       Low_nrf905_CSN;                                             // 使能SPI
 0110 C498              cbi 0x18,4
 0112                   .dbline 190
 0112                   .dbline 191
 0112           ;     Delay(1);
 0112 01E0              ldi R16,1
 0114 10E0              ldi R17,0
 0116 74DF              xcall _Delay
 0118                   .dbline 192
 0118           ;       SpiReadSpiWrite(RRP);                              // 写入数据接收缓冲区数据命令
 0118 04E2              ldi R16,36
 011A 8BDF              xcall _SpiReadSpiWrite
 011C                   .dbline 193
 011C           ;       for (i = 0 ;i < 32 ;i++)
 011C 4427              clr R20
 011E 0AC0              xjmp L39
 0120           L36:
 0120                   .dbline 194
 0120                   .dbline 195
 0120 0027              clr R16
 0122 87DF              xcall _SpiReadSpiWrite
 0124 80E0              ldi R24,<_TxRxBuffer
 0126 90E0              ldi R25,>_TxRxBuffer
 0128 E42F              mov R30,R20
 012A FF27              clr R31
 012C E80F              add R30,R24
 012E F91F              adc R31,R25
 0130 0083              std z+0,R16
 0132                   .dbline 196
 0132           L37:
 0132                   .dbline 193
 0132 4395              inc R20
 0134           L39:
 0134                   .dbline 193
 0134 4032              cpi R20,32
 0136 A0F3              brlo L36
 0138                   .dbline 197
 0138           ;       {   
 0138           ;       TxRxBuffer[i]=SpiReadSpiWrite(0);         // 读取数据接收缓冲区数据       
 0138           ;       }
 0138           ;       Hign_nrf905_CSN;
 0138 C49A              sbi 0x18,4
 013A                   .dbline 197
 013A                   .dbline 198
 013A           ;     Delay(2);                            //
 013A 02E0              ldi R16,2
 013C 10E0              ldi R17,0
 013E 60DF              xcall _Delay
 0140                   .dbline 199
 0140           ;       Hign_nrf905_TRX_CE;                                                     
 0140 949A              sbi 0x12,4
 0142                   .dbline 199
 0142                   .dbline -2
 0142           L35:
 0142 0E940000          xcall pop_gset1
 0146                   .dbline 0 ; func end
 0146 0895              ret
 0148                   .dbsym r i 20 c
 0148                   .dbend
 0148                   .dbfunc e RX _RX fV
                        .even
 0148           _RX::
 0148                   .dbline -1
 0148                   .dbline 203
 0148           ; }
 0148           ; //--------------------------------设置接收模式----------------------------------
 0148           ; void  RX(void)
 0148           ; {
 0148                   .dbline 204
 0148           ;     SetRxMode();                                //设置NRF905接收模式
 0148 D1DF              xcall _SetRxMode
 014A           L41:
 014A                   .dbline 205
 014A           L42:
 014A                   .dbline 205
 014A           ;     while (CheckDR()==0);              //等待接收完成
 014A D9DF              xcall _CheckDR
 014C 0023              tst R16
 014E E9F3              breq L41
 0150                   .dbline 206
 0150           ;       RxPacket();                     //读取接收数据缓冲区
 0150 DCDF              xcall _RxPacket
 0152                   .dbline 207
 0152           ;       Delay(10);
 0152 0AE0              ldi R16,10
 0154 10E0              ldi R17,0
 0156 54DF              xcall _Delay
 0158                   .dbline -2
 0158           L40:
 0158                   .dbline 0 ; func end
 0158 0895              ret
 015A                   .dbend
 015A                   .dbfunc e StartUART _StartUART fV
                        .even
 015A           _StartUART::
 015A                   .dbline -1
 015A                   .dbline 211
 015A           ; }
 015A           ; //-------------------------------串口初始化-------------------------------------
 015A           ; void StartUART(void)
 015A           ; {
 015A                   .dbline 212
 015A           ;        UCSRA=0x00;    
 015A 2224              clr R2
 015C 2BB8              out 0xb,R2
 015E                   .dbline 213
 015E           ;        UCSRB=0x18;    
 015E 88E1              ldi R24,24
 0160 8AB9              out 0xa,R24
 0162                   .dbline 214
 0162           ;        UCSRC=0x06;    
 0162 86E0              ldi R24,6
 0164 80BD              out 0x20,R24
 0166                   .dbline 215
 0166           ;        UBRRL=0x33;
 0166 83E3              ldi R24,51
 0168 89B9              out 0x9,R24
 016A                   .dbline 216
 016A           ;        UBRRH=0x00;
 016A 20BC              out 0x20,R2
 016C                   .dbline 217
 016C           ;        UCSRA=UCSRA|0x08;      
 016C 5B9A              sbi 0xb,3
 016E                   .dbline -2
 016E           L44:
 016E                   .dbline 0 ; func end
 016E 0895              ret
 0170                   .dbend
 0170                   .dbfunc e R_S_Byte _R_S_Byte fV
 0170           ;         R_Byte -> R16
                        .even
 0170           _R_S_Byte::
 0170                   .dbline -1
 0170                   .dbline 221
 0170           ; }
 0170           ; //------------------------------串口发送----------------------------------------
 0170           ; void R_S_Byte(uchar R_Byte)
 0170           ; {     
 0170                   .dbline 222
 0170           ;      UDR= R_Byte;  
 0170 0CB9              out 0xc,R16
 0172                   .dbline -2
 0172           L45:
 0172                   .dbline 0 ; func end
 0172 0895              ret
 0174                   .dbsym r R_Byte 16 c
 0174                   .dbend
 0174                   .dbfunc e main _main fV
 0174           ;              i -> R20,R21
                        .even
 0174           _main::
 0174                   .dbline -1
 0174                   .dbline 226
 0174           ; }
 0174           ; //------------------------------主函数------------------------------------------
 0174           ; void main(void)
 0174           ; {  
 0174                   .dbline 228
 0174           ;       uint i;
 0174           ;       DDRD=0xF2;                                               //端口D设置                                                                                      
 0174 82EF              ldi R24,242
 0176 81BB              out 0x11,R24
 0178                   .dbline 229
 0178           ;       DDRB=0xB3;                                          //端口B设置         
 0178 83EB              ldi R24,179
 017A 87BB              out 0x17,R24
 017C                   .dbline 231
 017C           ; //------------------------------------------------------------------------------
 017C           ;       Hign_BELL;              
 017C 959A              sbi 0x12,5
 017E                   .dbline 231
 017E                   .dbline 232
 017E           ;       Hign_JDQ;                                                                                                                       
 017E 979A              sbi 0x12,7
 0180                   .dbline 234
 0180           ; //------------------------------------------------------------------------------
 0180           ;       Spi_initial();                 //SPI初始化                                                                                                                        
 0180 55DF              xcall _Spi_initial
 0182                   .dbline 235
 0182           ;       system_Init();                            //系统状态初始化                                                                                              
 0182 5CDF              xcall _system_Init
 0184                   .dbline 236
 0184           ;       Config905();                             //NRF905初始化                                                                 
 0184 64DF              xcall _Config905
 0186                   .dbline 238
 0186           ; //------------------------------------------------------------------------------                
 0186           ;       StartUART();                            //串口初始化9600波特率
 0186 E9DF              xcall _StartUART
 0188                   .dbline 239
 0188           ;       Delay(500);
 0188 04EF              ldi R16,500
 018A 11E0              ldi R17,1
 018C 39DF              xcall _Delay
 018E 14C0              xjmp L48
 0190           L47:
 0190                   .dbline 241
 0190           ;       while(1)
 0190           ;       {
 0190                   .dbline 242
 0190           ;               RX();                                   //接收数据
 0190 DBDF              xcall _RX
 0192                   .dbline 243
 0192           ;               for(i=0;i<32;i++)
 0192 4427              clr R20
 0194 5527              clr R21
 0196 0CC0              xjmp L53
 0198           L50:
 0198                   .dbline 244
 0198                   .dbline 245
 0198 80E0              ldi R24,<_TxRxBuffer
 019A 90E0              ldi R25,>_TxRxBuffer
 019C FA01              movw R30,R20
 019E E80F              add R30,R24
 01A0 F91F              adc R31,R25
 01A2 0081              ldd R16,z+0
 01A4 E5DF              xcall _R_S_Byte
 01A6                   .dbline 246
 01A6 04E1              ldi R16,20
 01A8 10E0              ldi R17,0
 01AA 2ADF              xcall _Delay
 01AC                   .dbline 247
 01AC           L51:
 01AC                   .dbline 243
 01AC 4F5F              subi R20,255  ; offset = 1
 01AE 5F4F              sbci R21,255
 01B0           L53:
 01B0                   .dbline 243
 01B0 4032              cpi R20,32
 01B2 E0E0              ldi R30,0
 01B4 5E07              cpc R21,R30
 01B6 80F3              brlo L50
 01B8                   .dbline 248
 01B8           L48:
 01B8                   .dbline 240
 01B8 EBCF              xjmp L47
 01BA           X1:
 01BA                   .dbline -2
 01BA           L46:
 01BA                   .dbline 0 ; func end
 01BA 0895              ret
 01BC                   .dbsym r i 20 i
 01BC                   .dbend
                        .area bss(ram, con, rel)
 0000                   .dbfile C:\DOCUME~1\Administrator\桌面\JASK2001软件开发包\M16-NRF905开发包\无线232传输系统\NRF905_接收(9600波特率)\jfp_jieshou.c
 0000           _TxRxBuffer::
 0000                   .blkb 32
 0020                   .dbsym e TxRxBuffer _TxRxBuffer A[32:32]c
