C51 COMPILER V9.00   DELAY                                                                 11/08/2016 17:59:11 PAGE 1   


C51 COMPILER V9.00, COMPILATION OF MODULE DELAY
OBJECT MODULE PLACED IN ..\Output\delay.obj
COMPILER INVOKED BY: E:\mcu_keil\C51\BIN\C51.EXE delay.c BROWSE DEBUG OBJECTEXTEND PRINT(..\Listing\delay.lst) TABS(2) O
                    -BJECT(..\Output\delay.obj)

line level    source

   1          #include  "delay.h"
   2          
   3          u8 count_20ms;
   4          
   5          //========================================================================
   6          // 函数: void  delay_ms
   7          // 描述: 延时函数。
   8          // 参数: ms,要延时的ms数, 这里只支持20*256ms.
   9          // 返回: none.
  10          // 版本: VER1.0
  11          // 日期: 2013-4-1
  12          // 备注: 
  13          //========================================================================
  14          void delay_ms(u8 ms)
  15          {
  16   1         count_20ms=ms;
  17   1         while(count_20ms);
  18   1      }
  19          
  20          


MODULE INFORMATION:   STATIC OVERLAYABLE
   CODE SIZE        =      7    ----
   CONSTANT SIZE    =   ----    ----
   XDATA SIZE       =   ----    ----
   PDATA SIZE       =   ----    ----
   DATA SIZE        =      1    ----
   IDATA SIZE       =   ----    ----
   BIT SIZE         =   ----    ----
END OF MODULE INFORMATION.


C51 COMPILATION COMPLETE.  0 WARNING(S),  0 ERROR(S)
