                        .module jfp_fasong.c
                        .area text(rom, con, rel)
 0000                   .dbfile C:\DOCUME~1\Administrator\桌面\JASK2001软件开发包\M16-NRF905开发包\无线计分系统\NRF905_发送\jfp_fasong.c
                        .area data(ram, con, rel)
 0000                   .dbfile C:\DOCUME~1\Administrator\桌面\JASK2001软件开发包\M16-NRF905开发包\无线计分系统\NRF905_发送\jfp_fasong.c
 0000           _TxAddress::
 0000                   .blkb 2
                        .area idata
 0000 CCCC              .byte 204,204
                        .area data(ram, con, rel)
 0002                   .dbfile C:\DOCUME~1\Administrator\桌面\JASK2001软件开发包\M16-NRF905开发包\无线计分系统\NRF905_发送\jfp_fasong.c
 0002                   .blkb 2
                        .area idata
 0002 CCCC              .byte 204,204
                        .area data(ram, con, rel)
 0004                   .dbfile C:\DOCUME~1\Administrator\桌面\JASK2001软件开发包\M16-NRF905开发包\无线计分系统\NRF905_发送\jfp_fasong.c
 0004                   .dbsym e TxAddress _TxAddress A[4:4]c
 0004           _seg::
 0004                   .blkb 2
                        .area idata
 0004 C0CF              .byte 192,207
                        .area data(ram, con, rel)
 0006                   .dbfile C:\DOCUME~1\Administrator\桌面\JASK2001软件开发包\M16-NRF905开发包\无线计分系统\NRF905_发送\jfp_fasong.c
 0006                   .blkb 2
                        .area idata
 0006 A4B0              .byte 164,176
                        .area data(ram, con, rel)
 0008                   .dbfile C:\DOCUME~1\Administrator\桌面\JASK2001软件开发包\M16-NRF905开发包\无线计分系统\NRF905_发送\jfp_fasong.c
 0008                   .blkb 2
                        .area idata
 0008 9992              .byte 153,146
                        .area data(ram, con, rel)
 000A                   .dbfile C:\DOCUME~1\Administrator\桌面\JASK2001软件开发包\M16-NRF905开发包\无线计分系统\NRF905_发送\jfp_fasong.c
 000A                   .blkb 2
                        .area idata
 000A 82F8              .byte 130,248
                        .area data(ram, con, rel)
 000C                   .dbfile C:\DOCUME~1\Administrator\桌面\JASK2001软件开发包\M16-NRF905开发包\无线计分系统\NRF905_发送\jfp_fasong.c
 000C                   .blkb 2
                        .area idata
 000C 8090              .byte 128,144
                        .area data(ram, con, rel)
 000E                   .dbfile C:\DOCUME~1\Administrator\桌面\JASK2001软件开发包\M16-NRF905开发包\无线计分系统\NRF905_发送\jfp_fasong.c
 000E                   .dbsym e seg _seg A[10:10]c
 000E           _RFConf::
 000E                   .blkb 2
                        .area idata
 000E 004C              .byte 0,'L
                        .area data(ram, con, rel)
 0010                   .dbfile C:\DOCUME~1\Administrator\桌面\JASK2001软件开发包\M16-NRF905开发包\无线计分系统\NRF905_发送\jfp_fasong.c
 0010                   .blkb 2
                        .area idata
 0010 0C44              .byte 12,'D
                        .area data(ram, con, rel)
 0012                   .dbfile C:\DOCUME~1\Administrator\桌面\JASK2001软件开发包\M16-NRF905开发包\无线计分系统\NRF905_发送\jfp_fasong.c
 0012                   .blkb 2
                        .area idata
 0012 0404              .byte 4,4
                        .area data(ram, con, rel)
 0014                   .dbfile C:\DOCUME~1\Administrator\桌面\JASK2001软件开发包\M16-NRF905开发包\无线计分系统\NRF905_发送\jfp_fasong.c
 0014                   .blkb 2
                        .area idata
 0014 CCCC              .byte 204,204
                        .area data(ram, con, rel)
 0016                   .dbfile C:\DOCUME~1\Administrator\桌面\JASK2001软件开发包\M16-NRF905开发包\无线计分系统\NRF905_发送\jfp_fasong.c
 0016                   .blkb 2
                        .area idata
 0016 CCCC              .byte 204,204
                        .area data(ram, con, rel)
 0018                   .dbfile C:\DOCUME~1\Administrator\桌面\JASK2001软件开发包\M16-NRF905开发包\无线计分系统\NRF905_发送\jfp_fasong.c
 0018                   .blkb 1
                        .area idata
 0018 58                .byte 'X
                        .area data(ram, con, rel)
 0019                   .dbfile C:\DOCUME~1\Administrator\桌面\JASK2001软件开发包\M16-NRF905开发包\无线计分系统\NRF905_发送\jfp_fasong.c
 0019                   .dbsym e RFConf _RFConf A[11:11]c
                        .area text(rom, con, rel)
 0000                   .dbfile C:\DOCUME~1\Administrator\桌面\JASK2001软件开发包\M16-NRF905开发包\无线计分系统\NRF905_发送\jfp_fasong.c
 0000                   .dbfunc e Delay _Delay fV
 0000           ;              i -> R20,R21
 0000           ;              x -> R16,R17
                        .even
 0000           _Delay::
 0000 0E940000          xcall push_gset1
 0004                   .dbline -1
 0004                   .dbline 105
 0004           ; //ICC-AVR application builder : 2007-8-11 20:37:32
 0004           ; // Target : M16
 0004           ; // Crystal: 8.0000Mhz
 0004           ; #include <iom16v.h>
 0004           ; #include <macros.h>
 0004           ; #define uint  unsigned int
 0004           ; #define uchar unsigned char
 0004           ; ///////////////////////////模式控制定义/////////////////////////////////
 0004           ; //#define  nrf905_TX_EN         PB0       //输出1   
 0004           ; #define   Low_nrf905_TX_EN     PORTB &= ~(1 << PB0)
 0004           ; #define   Hign_nrf905_TX_EN    PORTB |= (1 << PB0)
 0004           ; //#define  nrf905_TRX_CE  PD4     //输出1
 0004           ; #define   Hign_nrf905_TRX_CE    PORTD |= (1 << PD4)  
 0004           ; #define   Low_nrf905_TRX_CE     PORTD &= ~(1 << PD4) 
 0004           ; //#define  nrf905_PWR     PB1             //输出1
 0004           ; #define   Hign_nrf905_PWR    PORTB |= (1 << PB1) 
 0004           ; #define   Low_nrf905_PWR     PORTB &= ~(1 << PB1)
 0004           ; //--------------------------------SPI口定义-------------------------------------
 0004           ; //#define  nrf905_MISO          PB6           //输入0
 0004           ; //#define  nrf905_MOSI    PB5     //输出1
 0004           ; //#define  nrf905_SCK     PB7     //输出1
 0004           ; #define   Low_nrf905_SCK     PORTB &= ~(1 << PB7)
 0004           ; //------------------------------------------------------------------------------
 0004           ; //#define  nrf905_CSN     PB4         //输出1         
 0004           ; #define   Hign_nrf905_CSN    PORTB |= (1 << PB4)  
 0004           ; #define   Low_nrf905_CSN     PORTB &= ~(1 << PB4)                             
 0004           ; //-------------------------------状态输出口-------------------------------------
 0004           ; //#define  nrf905_CD      PD3     //输入0
 0004           ; #define   Hign_nrf905_CD    PORTD |= (1 << PD3) 
 0004           ; #define   Low_nrf905_CD     PORTD &= ~(1 << PD3) 
 0004           ; #define   Read_nrf905_CD    PINB & (1 << PD3)
 0004           ; //#define  nrf905_AM      PB3     //输入0
 0004           ; #define   Hign_nrf905_AM    PORTB |= (1 << PB3) 
 0004           ; #define   Low_nrf905_AM     PORTB &= ~(1 << PB3)
 0004           ; #define   Read_nrf905_AM    PINB & (1 << PB3)
 0004           ; //#define  nrf905_DR      PB2                 //输入0
 0004           ; #define   Hign_nrf905_DR    PORTB |= (1 << PB2)
 0004           ; #define   Low_nrf905_DR     PORTB &= ~(1 << PB2)
 0004           ; #define   Read_nrf905_DR    PINB & (1 << PB2)
 0004           ; //读取键值KEY2-KEY3-KEY4  
 0004           ; #define   Read_KEY_2              PINA & (1 << PA5)        
 0004           ; //甲队加3分
 0004           ; #define   Read_KEY_3          PINA & (1 << PA6)
 0004           ; //乙队加2分
 0004           ; #define   Read_KEY_4              PINA & (1 << PA7)   
 0004           ; //乙队加3分
 0004           ; //------------------------------数码管位选--------------------------------------
 0004           ; //#define Display1   PA1                  //输出1
 0004           ; #define   Hign_Display1     PORTA |= (1 << PA1);   
 0004           ; #define   Low_Display1    PORTA &= ~(1 << PA1); 
 0004           ; //#define Display2      PA2           //输出1
 0004           ; #define   Hign_Display2     PORTA |= (1 << PA2);   
 0004           ; #define   Low_Display2    PORTA &= ~(1 << PA2); 
 0004           ; //#define Display3     PA3            //输出1
 0004           ; #define   Hign_Display3     PORTA |= (1 << PA3);   
 0004           ; #define   Low_Display3     PORTA &= ~(1 << PA3); 
 0004           ; //#define Display4      PA4           //输出1
 0004           ; #define   Hign_Display4     PORTA |= (1 << PA4);   
 0004           ; #define   Low_Display4     PORTA &= ~(1 << PA4); 
 0004           ; //-------------------------------BELL蜂明器-------------------------------------
 0004           ; #define   Hign_BELL  PORTD |= (1 << PD5);   
 0004           ; #define   Low_BELL     PORTD &= ~(1 << PD5); 
 0004           ; //-------------------------------JDQ继电器--------------------------------------
 0004           ; #define   Hign_JDQ  PORTD |= (1 << PD7)
 0004           ; #define   Low_JDQ     PORTD &= ~(1 << PD7)
 0004           ; //----------------------------------905-SPI指令---------------------------------
 0004           ; #define WC    0x00
 0004           ; #define RRC   0x10
 0004           ; #define WTP   0x20
 0004           ; #define RTP   0x21
 0004           ; #define WTA   0x22
 0004           ; #define RTA   0x23
 0004           ; #define RRP   0x24
 0004           ; //---------------------------------发送数据缓冲区-------------------------------
 0004           ; uchar TxRxBuf[4];
 0004           ; //----------------------------------接收地址------------------------------------
 0004           ; uchar TxAddress[4]={0xcc,0xcc,0xcc,0xcc };    
 0004           ; uchar tf;
 0004           ; uchar seg[10]={0xC0,0xCF,0xA4,0xB0,0x99,0x92,0x82,0xF8,0x80,0x90};         //0~~9段码
 0004           ; //------------------------------------------------------------------------------
 0004           ; //----------------------------------寄存器配置----------------------------------
 0004           ; uchar RFConf[11]=
 0004           ; {
 0004           ;   0x00,                             //配置命令//
 0004           ;   0x4c,                             //CH_NO,配置频段在430MHZ
 0004           ;   0x0C,                             //输出功率为10db,不重发，节电为正常模式
 0004           ;   0x44,                             //地址宽度设置，为4字节
 0004           ;   0x04,0x04,                        //接收发送有效数据长度为4字节
 0004           ;   0xCC,0xCC,0xCC,0xCC,              //接收地址
 0004           ;   0x58,                              //CRC充许，8位CRC校验，外部时钟信号不使能，16M晶振
 0004           ; };
 0004           ; //----------------------------------函数申明------------------------------------
 0004           ; void Delay(uint x);
 0004           ; void Spi_initial();
 0004           ; uchar SpiReadSpiWrite(uchar DATA);
 0004           ; void system_Init(void);
 0004           ; void Config905(void);
 0004           ; void TxPacket(uchar TxBUF[4]);
 0004           ; void SetTxMode(void);
 0004           ; void TX(void);
 0004           ; void StartUART(void);
 0004           ; void R_S_Byte(uchar R_Byte);
 0004           ; //----------------------------------100us延时子程序-----------------------------
 0004           ; void Delay(uint x)
 0004           ; {
 0004 09C0              xjmp L3
 0006           L2:
 0006                   .dbline 108
 0006 4427              clr R20
 0008 5527              clr R21
 000A 02C0              xjmp L8
 000C           L5:
 000C                   .dbline 108
 000C           L6:
 000C                   .dbline 108
 000C 4F5F              subi R20,255  ; offset = 1
 000E 5F4F              sbci R21,255
 0010           L8:
 0010                   .dbline 108
 0010 4035              cpi R20,80
 0012 E0E0              ldi R30,0
 0014 5E07              cpc R21,R30
 0016 D0F3              brlo L5
 0018           L3:
 0018                   .dbline 107
 0018           ;       uint i;
 0018           ;       while(x--)
 0018 1801              movw R2,R16
 001A 0150              subi R16,1
 001C 1040              sbci R17,0
 001E 2220              tst R2
 0020 91F7              brne L2
 0022 3320              tst R3
 0024 81F7              brne L2
 0026           X0:
 0026                   .dbline -2
 0026           L1:
 0026 0E940000          xcall pop_gset1
 002A                   .dbline 0 ; func end
 002A 0895              ret
 002C                   .dbsym r i 20 i
 002C                   .dbsym r x 16 i
 002C                   .dbend
 002C                   .dbfunc e Spi_initial _Spi_initial fV
                        .even
 002C           _Spi_initial::
 002C                   .dbline -1
 002C                   .dbline 112
 002C           ;       for(i=0;i<80;i++);
 002C           ; }
 002C           ; //----------------------------------SPI初始化-----------------------------------
 002C           ; void Spi_initial()
 002C           ; {
 002C                   .dbline 115
 002C           ;       //SPCR=0x50;
 002C           ;       //SPSR=0x00;    
 002C           ;       SPCR   = (1<<SPE)|(1<<MSTR)|(0<<CPOL)|(0<<SPR0);   // 主机模式，fck/16, SPI方式0
 002C 80E5              ldi R24,80
 002E 8DB9              out 0xd,R24
 0030                   .dbline -2
 0030           L9:
 0030                   .dbline 0 ; func end
 0030 0895              ret
 0032                   .dbend
 0032                   .dbfunc e SpiReadSpiWrite _SpiReadSpiWrite fc
 0032           ;          cData -> R16
                        .even
 0032           _SpiReadSpiWrite::
 0032                   .dbline -1
 0032                   .dbline 119
 0032           ; }
 0032           ; //---------------------------------SPI读写程序----------------------------------      
 0032           ; uchar SpiReadSpiWrite(unsigned char cData)//r
 0032           ; {
 0032                   .dbline 120
 0032           ;       SPDR = cData;
 0032 0FB9              out 0xf,R16
 0034           L11:
 0034                   .dbline 122
 0034                   .dbline 122
 0034           L12:
 0034                   .dbline 121
 0034           ;       while(!(SPSR & (1<<SPIF) ))
 0034 779B              sbis 0xe,7
 0036 FECF              rjmp L11
 0038                   .dbline 122
 0038           ;       {};                     // 等待SPI发送完毕
 0038                   .dbline 123
 0038           ;       return SPDR;
 0038 0FB1              in R16,0xf
 003A                   .dbline -2
 003A           L10:
 003A                   .dbline 0 ; func end
 003A 0895              ret
 003C                   .dbsym r cData 16 c
 003C                   .dbend
 003C                   .dbfunc e system_Init _system_Init fV
                        .even
 003C           _system_Init::
 003C                   .dbline -1
 003C                   .dbline 127
 003C           ; }
 003C           ; //---------------------------------系统状态初始化-------------------------------
 003C           ; void system_Init(void)                        //r
 003C           ; {
 003C                   .dbline 129
 003C           ; 
 003C           ;       Hign_nrf905_CSN;                                // Spi  disable
 003C C49A              sbi 0x18,4
 003E                   .dbline 130
 003E           ;       Low_nrf905_SCK;                         // Spi clock line init low
 003E C798              cbi 0x18,7
 0040                   .dbline 131
 0040           ;       Low_nrf905_DR;                          // Init DR for input
 0040 C298              cbi 0x18,2
 0042                   .dbline 132
 0042           ;       Low_nrf905_AM;                          // Init AM for input
 0042 C398              cbi 0x18,3
 0044                   .dbline 133
 0044           ;       Low_nrf905_CD;                          // Init nrf905_CDfor input
 0044 9398              cbi 0x12,3
 0046                   .dbline 134
 0046           ;       Hign_nrf905_PWR;                                // nRF905 power on
 0046 C19A              sbi 0x18,1
 0048                   .dbline 135
 0048           ;       Low_nrf905_TRX_CE;                      // Set nRF905 in standby mode
 0048 9498              cbi 0x12,4
 004A                   .dbline 136
 004A           ;       Low_nrf905_TX_EN ;                      // set radio in Rx mode
 004A C098              cbi 0x18,0
 004C                   .dbline -2
 004C           L14:
 004C                   .dbline 0 ; func end
 004C 0895              ret
 004E                   .dbend
 004E                   .dbfunc e Config905 _Config905 fV
 004E           ;              i -> R20
                        .even
 004E           _Config905::
 004E 0E940000          xcall push_gset1
 0052                   .dbline -1
 0052                   .dbline 140
 0052           ; }
 0052           ; //--------------------------------NRF905寄存器初始化函数------------------------
 0052           ; void Config905(void)
 0052           ; {
 0052                   .dbline 142
 0052           ;       uchar i;
 0052           ;       Low_nrf905_CSN; 
 0052 C498              cbi 0x18,4
 0054                   .dbline 143
 0054           ;       Delay(1);                               // Spi enable for write a spi command
 0054 01E0              ldi R16,1
 0056 10E0              ldi R17,0
 0058 D3DF              xcall _Delay
 005A                   .dbline 145
 005A           ;       //SpiWrite(WC);                         // Write config command写放配置命令
 005A           ;       for (i=0;i<11;i++)                      // Write configration words  写放配置字
 005A 4427              clr R20
 005C 09C0              xjmp L19
 005E           L16:
 005E                   .dbline 146
 005E                   .dbline 147
 005E 80E0              ldi R24,<_RFConf
 0060 90E0              ldi R25,>_RFConf
 0062 E42F              mov R30,R20
 0064 FF27              clr R31
 0066 E80F              add R30,R24
 0068 F91F              adc R31,R25
 006A 0081              ldd R16,z+0
 006C E2DF              xcall _SpiReadSpiWrite
 006E                   .dbline 148
 006E           L17:
 006E                   .dbline 145
 006E 4395              inc R20
 0070           L19:
 0070                   .dbline 145
 0070 4B30              cpi R20,11
 0072 A8F3              brlo L16
 0074                   .dbline 149
 0074           ;       {
 0074           ;        SpiReadSpiWrite(RFConf[i]);
 0074           ;       }
 0074           ;       Hign_nrf905_CSN;                                        // Disable Spi
 0074 C49A              sbi 0x18,4
 0076                   .dbline -2
 0076           L15:
 0076 0E940000          xcall pop_gset1
 007A                   .dbline 0 ; func end
 007A 0895              ret
 007C                   .dbsym r i 20 c
 007C                   .dbend
 007C                   .dbfunc e TxPacket _TxPacket fV
 007C           ;              i -> R20
 007C           ;          TxBUF -> R22,R23
                        .even
 007C           _TxPacket::
 007C 0E940000          xcall push_gset2
 0080 B801              movw R22,R16
 0082                   .dbline -1
 0082                   .dbline 153
 0082           ; }
 0082           ; //--------------------------------NRF905待发数据打包----------------------------
 0082           ; void TxPacket(uchar TxBUF[4])
 0082           ; {
 0082                   .dbline 155
 0082           ;       uchar i;
 0082           ;       Low_nrf905_CSN;                                                         // 使能Spi，允许对nrf905进行读写操作
 0082 C498              cbi 0x18,4
 0084                   .dbline 156
 0084           ;       Delay(1);
 0084 01E0              ldi R16,1
 0086 10E0              ldi R17,0
 0088 BBDF              xcall _Delay
 008A                   .dbline 157
 008A           ;       SpiReadSpiWrite(WTP);                           // 写数据前先写写数据命令
 008A 00E2              ldi R16,32
 008C D2DF              xcall _SpiReadSpiWrite
 008E                   .dbline 158
 008E           ;       for (i=0;i<4;i++)
 008E 4427              clr R20
 0090 07C0              xjmp L24
 0092           L21:
 0092                   .dbline 159
 0092                   .dbline 160
 0092 E42F              mov R30,R20
 0094 FF27              clr R31
 0096 E60F              add R30,R22
 0098 F71F              adc R31,R23
 009A 0081              ldd R16,z+0
 009C CADF              xcall _SpiReadSpiWrite
 009E                   .dbline 161
 009E           L22:
 009E                   .dbline 158
 009E 4395              inc R20
 00A0           L24:
 00A0                   .dbline 158
 00A0 4430              cpi R20,4
 00A2 B8F3              brlo L21
 00A4                   .dbline 162
 00A4           ;       {
 00A4           ;       SpiReadSpiWrite(TxBUF[i]);              // 待发送的32字节数据
 00A4           ;       }                                               
 00A4           ;       Hign_nrf905_CSN;
 00A4 C49A              sbi 0x18,4
 00A6                   .dbline 163
 00A6           ;       Delay(1);                                                       // 关闭Spi，不允许对nrf905进行读写操作
 00A6 01E0              ldi R16,1
 00A8 10E0              ldi R17,0
 00AA AADF              xcall _Delay
 00AC                   .dbline 164
 00AC           ;       Low_nrf905_CSN;                                                         // 使能Spi
 00AC C498              cbi 0x18,4
 00AE                   .dbline 165
 00AE           ;       SpiReadSpiWrite(WTA);                           // 写地址前首先先写地址命令
 00AE 02E2              ldi R16,34
 00B0 C0DF              xcall _SpiReadSpiWrite
 00B2                   .dbline 166
 00B2           ;       for (i=0;i<4;i++)                                       // 写 4 bytes 地址
 00B2 4427              clr R20
 00B4 09C0              xjmp L28
 00B6           L25:
 00B6                   .dbline 167
 00B6                   .dbline 168
 00B6 80E0              ldi R24,<_TxAddress
 00B8 90E0              ldi R25,>_TxAddress
 00BA E42F              mov R30,R20
 00BC FF27              clr R31
 00BE E80F              add R30,R24
 00C0 F91F              adc R31,R25
 00C2 0081              ldd R16,z+0
 00C4 B6DF              xcall _SpiReadSpiWrite
 00C6                   .dbline 169
 00C6           L26:
 00C6                   .dbline 166
 00C6 4395              inc R20
 00C8           L28:
 00C8                   .dbline 166
 00C8 4430              cpi R20,4
 00CA A8F3              brlo L25
 00CC                   .dbline 170
 00CC           ;       {
 00CC           ;       SpiReadSpiWrite(TxAddress[i]);
 00CC           ;       }
 00CC           ;       Hign_nrf905_CSN;                                        // 关闭Spi
 00CC C49A              sbi 0x18,4
 00CE                   .dbline 171
 00CE           ;       Hign_nrf905_TRX_CE;                                     // Set TRX_CE high,start Tx data transmission
 00CE 949A              sbi 0x12,4
 00D0                   .dbline 172
 00D0           ;       Delay(1);                                                       // 等待DR变高
 00D0 01E0              ldi R16,1
 00D2 10E0              ldi R17,0
 00D4 95DF              xcall _Delay
 00D6                   .dbline 173
 00D6           ;       Low_nrf905_TRX_CE;                                                      // 设置TRX_CE=0
 00D6 9498              cbi 0x12,4
 00D8                   .dbline -2
 00D8           L20:
 00D8 0E940000          xcall pop_gset2
 00DC                   .dbline 0 ; func end
 00DC 0895              ret
 00DE                   .dbsym r i 20 c
 00DE                   .dbsym r TxBUF 22 pc
 00DE                   .dbend
 00DE                   .dbfunc e SetTxMode _SetTxMode fV
                        .even
 00DE           _SetTxMode::
 00DE                   .dbline -1
 00DE                   .dbline 177
 00DE           ; }
 00DE           ; //-------------------------------发送模式激发-----------------------------------
 00DE           ; void SetTxMode(void)
 00DE           ; {
 00DE                   .dbline 178
 00DE           ;       Low_nrf905_TRX_CE;                              //
 00DE 9498              cbi 0x12,4
 00E0                   .dbline 179
 00E0           ;       Hign_nrf905_TX_EN;                              //发送使能
 00E0 C09A              sbi 0x18,0
 00E2                   .dbline 180
 00E2           ;       Delay(2);                               // delay for mode change(>=650us)根据晶振不同要改变
 00E2 02E0              ldi R16,2
 00E4 10E0              ldi R17,0
 00E6 8CDF              xcall _Delay
 00E8                   .dbline -2
 00E8           L29:
 00E8                   .dbline 0 ; func end
 00E8 0895              ret
 00EA                   .dbend
 00EA                   .dbfunc e main _main fV
 00EA           ;           temp -> y+0
 00EA           ;              j -> <dead>
 00EA           ;              i -> <dead>
                        .even
 00EA           _main::
 00EA EF97              sbiw R28,63
 00EC 2197              sbiw R28,1  ; offset = 64
 00EE                   .dbline -1
 00EE                   .dbline 185
 00EE           ; }
 00EE           ; //------------------------------------------------------------------------
 00EE           ; //------------------------------主函数------------------------------------------
 00EE           ; void main(void)
 00EE           ; {  
 00EE                   .dbline 187
 00EE           ;       uint i,j,temp[32];
 00EE           ;       DDRD=0xf2;                //
 00EE 82EF              ldi R24,242
 00F0 81BB              out 0x11,R24
 00F2                   .dbline 188
 00F2           ;       DDRB=0xB3;                //
 00F2 83EB              ldi R24,179
 00F4 87BB              out 0x17,R24
 00F6                   .dbline 189
 00F6           ;       DDRA=0x1e;       //
 00F6 8EE1              ldi R24,30
 00F8 8ABB              out 0x1a,R24
 00FA                   .dbline 190
 00FA           ;       DDRC=0xff;              //LED端口设置
 00FA 8FEF              ldi R24,255
 00FC 84BB              out 0x14,R24
 00FE                   .dbline 191
 00FE           ;       PORTA = 0xff;
 00FE 8BBB              out 0x1b,R24
 0100                   .dbline 192
 0100           ;       Hign_BELL;
 0100 959A              sbi 0x12,5
 0102                   .dbline 192
 0102                   .dbline 193
 0102           ;       Hign_JDQ ;
 0102 979A              sbi 0x12,7
 0104                   .dbline 194
 0104           ;       Spi_initial();
 0104 93DF              xcall _Spi_initial
 0106                   .dbline 195
 0106           ;       system_Init();
 0106 9ADF              xcall _system_Init
 0108                   .dbline 196
 0108           ;       Config905();
 0108 A2DF              xcall _Config905
 010A 58C0              xjmp L32
 010C           L31:
 010C                   .dbline 198
 010C           ;       while(1)
 010C           ;  {
 010C                   .dbline 200
 010C           ; //------------------------------------------------------------------------------
 010C           ;       if((PINA & 0x20) == 0)            //有键按下KEY1
 010C CD99              sbic 0x19,5
 010E 11C0              rjmp L34
 0110                   .dbline 201
 0110           ;       {
 0110           L36:
 0110                   .dbline 202
 0110           L37:
 0110                   .dbline 202
 0110           ;       while(!(PINA & 0x20));                          //等待按键松开GREEN
 0110 CD9B              sbis 0x19,5
 0112 FECF              rjmp L36
 0114                   .dbline 203
 0114           ;        TxRxBuf[0]=0x29;
 0114 89E2              ldi R24,41
 0116 80930100          sts _TxRxBuf,R24
 011A                   .dbline 204
 011A           ;        TxRxBuf[1]=0x30;
 011A 80E3              ldi R24,48
 011C 80930200          sts _TxRxBuf+1,R24
 0120                   .dbline 205
 0120           ;        TxRxBuf[2]=0x31;
 0120 81E3              ldi R24,49
 0122 80930300          sts _TxRxBuf+2,R24
 0126                   .dbline 206
 0126           ;        TxRxBuf[3]=0x32; 
 0126 82E3              ldi R24,50
 0128 80930400          sts _TxRxBuf+3,R24
 012C                   .dbline 207
 012C           ;        tf=1;   
 012C 81E0              ldi R24,1
 012E 80930000          sts _tf,R24
 0132                   .dbline 208
 0132           ;        }
 0132           L34:
 0132                   .dbline 210
 0132           ; //------------------------------------------------------------------------------
 0132           ;       if((PINA & 0x40) == 0)                  //有键按下KEY2
 0132 CE99              sbic 0x19,6
 0134 11C0              rjmp L42
 0136                   .dbline 211
 0136           ;       {
 0136           L44:
 0136                   .dbline 212
 0136           L45:
 0136                   .dbline 212
 0136           ;       while(!(PINA & 0x40));                          //等待按键松开GREEN
 0136 CE9B              sbis 0x19,6
 0138 FECF              rjmp L44
 013A                   .dbline 213
 013A           ;        TxRxBuf[0]=0x30;
 013A 80E3              ldi R24,48
 013C 80930100          sts _TxRxBuf,R24
 0140                   .dbline 214
 0140           ;        TxRxBuf[1]=0x31;
 0140 81E3              ldi R24,49
 0142 80930200          sts _TxRxBuf+1,R24
 0146                   .dbline 215
 0146           ;        TxRxBuf[2]=0x32;
 0146 82E3              ldi R24,50
 0148 80930300          sts _TxRxBuf+2,R24
 014C                   .dbline 216
 014C           ;        TxRxBuf[3]=0x29;  
 014C 89E2              ldi R24,41
 014E 80930400          sts _TxRxBuf+3,R24
 0152                   .dbline 217
 0152           ;        tf=2;    
 0152 82E0              ldi R24,2
 0154 80930000          sts _tf,R24
 0158                   .dbline 218
 0158           ;        }
 0158           L42:
 0158                   .dbline 220
 0158           ; //------------------------------------------------------------------------------
 0158           ;       if((PINA & 0x80) == 0)                  //有键按下KEY3
 0158 CF99              sbic 0x19,7
 015A 11C0              rjmp L50
 015C                   .dbline 221
 015C           ;       {
 015C           L52:
 015C                   .dbline 222
 015C           L53:
 015C                   .dbline 222
 015C           ;       while(!(PINA & 0x80));                          //等待按键松开GREEN
 015C CF9B              sbis 0x19,7
 015E FECF              rjmp L52
 0160                   .dbline 223
 0160           ;        TxRxBuf[0]=0x31;
 0160 81E3              ldi R24,49
 0162 80930100          sts _TxRxBuf,R24
 0166                   .dbline 224
 0166           ;        TxRxBuf[1]=0x32;
 0166 82E3              ldi R24,50
 0168 80930200          sts _TxRxBuf+1,R24
 016C                   .dbline 225
 016C           ;        TxRxBuf[2]=0x29;
 016C 89E2              ldi R24,41
 016E 80930300          sts _TxRxBuf+2,R24
 0172                   .dbline 226
 0172           ;        TxRxBuf[3]=0x30;  
 0172 80E3              ldi R24,48
 0174 80930400          sts _TxRxBuf+3,R24
 0178                   .dbline 227
 0178           ;       tf=3;
 0178 83E0              ldi R24,3
 017A 80930000          sts _tf,R24
 017E                   .dbline 228
 017E           ;       }
 017E           L50:
 017E                   .dbline 230
 017E           ; //------------------------------------------------------------------------------
 017E           ;       if(tf)
 017E 20900000          lds R2,_tf
 0182 2220              tst R2
 0184 D9F0              breq L58
 0186                   .dbline 231
 0186           ;       {
 0186                   .dbline 232
 0186           ;        PORTC=seg[tf];
 0186 80E0              ldi R24,<_seg
 0188 90E0              ldi R25,>_seg
 018A E22D              mov R30,R2
 018C FF27              clr R31
 018E E80F              add R30,R24
 0190 F91F              adc R31,R25
 0192 2080              ldd R2,z+0
 0194 25BA              out 0x15,R2
 0196                   .dbline 233
 0196           ;        Low_Display4;
 0196 DC98              cbi 0x1b,4
 0198                   .dbline 233
 0198                   .dbline 234
 0198           ;        Low_Display3;
 0198 DB98              cbi 0x1b,3
 019A                   .dbline 234
 019A                   .dbline 235
 019A           ;        Low_Display2;
 019A DA98              cbi 0x1b,2
 019C                   .dbline 235
 019C                   .dbline 236
 019C           ;        Low_Display1;
 019C D998              cbi 0x1b,1
 019E                   .dbline 236
 019E                   .dbline 237
 019E           ;       tf=0;
 019E 2224              clr R2
 01A0 20920000          sts _tf,R2
 01A4                   .dbline 238
 01A4           ;       Low_JDQ ;
 01A4 9798              cbi 0x12,7
 01A6                   .dbline 239
 01A6           ;       SetTxMode();                            // 激发数据发s送
 01A6 9BDF              xcall _SetTxMode
 01A8                   .dbline 240
 01A8           ;       TxPacket(TxRxBuf);                      // 装载待发送数据       
 01A8 00E0              ldi R16,<_TxRxBuf
 01AA 10E0              ldi R17,>_TxRxBuf
 01AC 67DF              xcall _TxPacket
 01AE                   .dbline 241
 01AE           ;       Delay(200);     
 01AE 08EC              ldi R16,200
 01B0 10E0              ldi R17,0
 01B2 26DF              xcall _Delay
 01B4                   .dbline 242
 01B4           ;       TxRxBuf[0]=0;
 01B4 2224              clr R2
 01B6 20920100          sts _TxRxBuf,R2
 01BA                   .dbline 243
 01BA           ;       Hign_JDQ ;
 01BA 979A              sbi 0x12,7
 01BC                   .dbline 244
 01BC           ;        }                                                                                                                                              
 01BC           L58:
 01BC                   .dbline 245
 01BC           L32:
 01BC                   .dbline 197
 01BC A7CF              xjmp L31
 01BE           X1:
 01BE                   .dbline -2
 01BE           L30:
 01BE EF96              adiw R28,63
 01C0 2196              adiw R28,1  ; offset = 64
 01C2                   .dbline 0 ; func end
 01C2 0895              ret
 01C4                   .dbsym l temp 0 A[64:32]i
 01C4                   .dbsym l j 1 i
 01C4                   .dbsym l i 1 i
 01C4                   .dbend
                        .area bss(ram, con, rel)
 0000                   .dbfile C:\DOCUME~1\Administrator\桌面\JASK2001软件开发包\M16-NRF905开发包\无线计分系统\NRF905_发送\jfp_fasong.c
 0000           _tf::
 0000                   .blkb 1
 0001                   .dbsym e tf _tf c
 0001           _TxRxBuf::
 0001                   .blkb 4
 0005                   .dbsym e TxRxBuf _TxRxBuf A[4:4]c
