C51 COMPILER V9.01   DELAY                                                                 12/06/2012 10:29:32 PAGE 1   


C51 COMPILER V9.01, COMPILATION OF MODULE DELAY
OBJECT MODULE PLACED IN delay.OBJ
COMPILER INVOKED BY: C:\Keil\C51\BIN\C51.EXE delay.c ROM(COMPACT) OPTIMIZE(6,SPEED) BROWSE DEBUG OBJECTEXTEND

line level    source

   1          #include "delay.h"
   2          
   3          /******************************************************************************/
   4          // 函数名称： 
   5          // 输入参数： 
   6          // 输出参数： 
   7          // 函数功能： 
   8          /******************************************************************************/
   9          void Delay100ms(void)       //@22.1184MHz
  10          {
  11   1              unsigned char i, j, k;
  12   1              _nop_();
  13   1              _nop_();
  14   1              i = 9;
  15   1              j = 104;
  16   1              k = 139;
  17   1              do
  18   1              {
  19   2                      do
  20   2                      {
  21   3                              while (--k);
  22   3                      } while (--j);
  23   2              } while (--i);
  24   1      }
  25          
  26          /******************************************************************************/
  27          // 函数名称： 
  28          // 输入参数： 
  29          // 输出参数： 
  30          // 函数功能： 
  31          /******************************************************************************/
  32          void _delay_us(unsigned int _us)
  33          {
  34   1          char a=0;
  35   1          for(_us;_us;_us--)
  36   1              for(a=0;a<1;a++);
  37   1      }


MODULE INFORMATION:   STATIC OVERLAYABLE
   CODE SIZE        =     35    ----
   CONSTANT SIZE    =   ----    ----
   XDATA SIZE       =   ----    ----
   PDATA SIZE       =   ----    ----
   DATA SIZE        =   ----    ----
   IDATA SIZE       =   ----    ----
   BIT SIZE         =   ----    ----
END OF MODULE INFORMATION.


C51 COMPILATION COMPLETE.  0 WARNING(S),  0 ERROR(S)
