C51 COMPILER V9.00   MAIN                                                                  04/28/2014 19:10:32 PAGE 1   


C51 COMPILER V9.00, COMPILATION OF MODULE MAIN
OBJECT MODULE PLACED IN main.OBJ
COMPILER INVOKED BY: C:\Keil\C51\BIN\C51.EXE main.c BROWSE DEBUG OBJECTEXTEND

line level    source

   1          /*******************************************************/
   2          /* 名   称：NRF24L01+开发板测试程序（LED实验）         */
   3          /* 功   能：发送接收测试程序                           */
   4          /* 说   明：按下开发板1的按键“KEY1”                      */ 
   5          /*          点亮开发板2的LED1、LED3                                */
   6          /*          按下开发板1的按键“KEY2”                      */
   7          /*          点亮开发板2的LED2、LED4                            */     
   8          /* 作者：BQDZ     （论坛：http://bqdz.taobao.com）     */
   9          /* 联系方式： QQ :851968194     旺旺：王亚坤2864       */
  10          /*           手机：15821472722（上海）                 */
  11          /*******************************************************/
  12          #include "API.h"        
  13          uchar TX_ADDRESS[TX_ADR_WIDTH]={0xFF,0xFF,0xFF,0xFF,0xFF}; //发送地址
  14          uchar RX_ADDRESS[RX_ADR_WIDTH]={0xFF,0xFF,0xFF,0xFF,0xFF}; //接收地址
  15          uchar   rate = 0x0F;                                        //2Mbs, 0dB  低噪声增益开启
  16          sbit    S1   = P3^2;                                            //按键“KEY1”
  17          sbit    S2       = P3^3;                                                //按键“KEY2”
  18          sbit    LED1 = P0^3;                                            //LED1
  19          sbit    LED2 = P0^2;                                            //LED2
  20          sbit    LED3 = P0^1;                                            //LED3
  21          sbit    LED4 = P0^0;                                            //LED4
  22          uchar rece_buf[32];                                                     //接收寄存器
  23          
  24          void delay()
  25          {
  26   1              uchar i,j;
  27   1              for(i=0;i<50;i++)
  28   1                      for(j=0;j<200;j++);
  29   1      }
  30          void main()
  31          {
  32   1              while(NRF24L01_Check()); // 等待检测到NRF24L01，程序才会向下执行
  33   1              NRF24L01_RT_Init(TX_PLOAD_WIDTH,TX_ADDRESS,TX_ADR_WIDTH,RX_ADDRESS,RX_ADR_WIDTH,rate);                  
  34   1              while(1)
  35   1              {
  36   2                      if(NRF_IRQ==0)          // 如果无线模块接收到数据
  37   2                      {               
  38   3                              if(NRF24L01_RxPacket(rece_buf)==0)
  39   3                              {                          
  40   4                                      if(     rece_buf[1]=='1')                       //第1位以后是收到的命令数据，rece_buf[0]是数据位数长度
  41   4                                              LED1=LED3=~LED1;
  42   4                                      if(     rece_buf[1]=='2')                       //第1位以后是收到的命令数据，rece_buf[0]是数据位数长度
  43   4                                              LED2=LED4=~LED2;                
  44   4                              }
  45   3                      }
  46   2                      if(S1==0)                                                               //按下S1发送ASCII码 “1”
  47   2                      {
  48   3                              rece_buf[1]='1';
  49   3                              rece_buf[0]=1;                                          //一共要发送1个字节，rece_buf[0]=1
  50   3                              SEND_BUF(rece_buf);                     
  51   3                              while(!S1);     
  52   3                              delay();
  53   3                      }
  54   2                      if(S2==0)                                                               //按下S2发送 ASCII码“2”
  55   2                      {
C51 COMPILER V9.00   MAIN                                                                  04/28/2014 19:10:32 PAGE 2   

  56   3                              rece_buf[1]='2';
  57   3                              rece_buf[0]=1;                                          //一共要发送1个字节，rece_buf[0]=1
  58   3                              SEND_BUF(rece_buf);                     
  59   3                              while(!S2);     
  60   3                              delay();        
  61   3                      }
  62   2              }
  63   1      }
  64          
  65          
  66          


MODULE INFORMATION:   STATIC OVERLAYABLE
   CODE SIZE        =    624    ----
   CONSTANT SIZE    =     10    ----
   XDATA SIZE       =   ----    ----
   PDATA SIZE       =   ----    ----
   DATA SIZE        =     43      33
   IDATA SIZE       =   ----    ----
   BIT SIZE         =   ----    ----
END OF MODULE INFORMATION.


C51 COMPILATION COMPLETE.  0 WARNING(S),  0 ERROR(S)
